TN:
SF:src\myClass.js
FN:4,(anonymous_0)
FN:8,(anonymous_1)
FN:12,(anonymous_2)
FN:22,(anonymous_3)
FN:28,(anonymous_4)
FN:29,(anonymous_5)
FN:30,(anonymous_6)
FN:31,(anonymous_7)
FN:36,(anonymous_8)
FN:40,(anonymous_9)
FN:41,(anonymous_10)
FN:45,(anonymous_11)
FN:56,(anonymous_12)
FN:59,(anonymous_13)
FNF:14
FNH:13
FNDA:1,(anonymous_0)
FNDA:3,(anonymous_1)
FNDA:3,(anonymous_2)
FNDA:4,(anonymous_3)
FNDA:1,(anonymous_4)
FNDA:1,(anonymous_5)
FNDA:1,(anonymous_6)
FNDA:1,(anonymous_7)
FNDA:1,(anonymous_8)
FNDA:1,(anonymous_9)
FNDA:1,(anonymous_10)
FNDA:4,(anonymous_11)
FNDA:1,(anonymous_12)
FNDA:0,(anonymous_13)
DA:1,1
DA:5,1
DA:9,3
DA:13,3
DA:15,3
DA:16,3
DA:18,0
DA:23,4
DA:24,4
DA:25,4
DA:29,1
DA:30,1
DA:32,1
DA:37,1
DA:41,1
DA:42,1
DA:43,1
DA:45,1
DA:46,4
DA:47,1
DA:48,1
DA:50,0
DA:54,1
DA:57,1
DA:59,0
DA:63,1
LF:26
LH:23
BRDA:13,0,0,3
BRDA:13,0,1,0
BRDA:46,1,0,1
BRDA:46,1,1,3
BRDA:47,2,0,1
BRDA:47,2,1,0
BRF:6
BRH:4
end_of_record
